\BOOKMARK [1][-]{section*.2}{List of Figures}{}% 1
\BOOKMARK [1][-]{section.1}{Introduction}{}% 2
\BOOKMARK [1][-]{section.2}{Background}{}% 3
\BOOKMARK [2][-]{subsection.2.1}{Anomalies}{section.2}% 4
\BOOKMARK [2][-]{subsection.2.2}{Markov Models}{section.2}% 5
\BOOKMARK [2][-]{subsection.2.3}{The Power Grid}{section.2}% 6
\BOOKMARK [1][-]{section.3}{Problem Definition}{}% 7
\BOOKMARK [1][-]{section.4}{Methodology}{}% 8
\BOOKMARK [2][-]{subsection.4.1}{Tools Used}{section.4}% 9
\BOOKMARK [2][-]{subsection.4.2}{Data Preprocessing}{section.4}% 10
\BOOKMARK [2][-]{subsection.4.3}{Dataset Description}{section.4}% 11
\BOOKMARK [2][-]{subsection.4.4}{Characteristics of the Dataset}{section.4}% 12
\BOOKMARK [1][-]{section.5}{Experimental Analysis}{}% 13
\BOOKMARK [2][-]{subsection.5.1}{Overview}{section.5}% 14
\BOOKMARK [2][-]{subsection.5.2}{Process}{section.5}% 15
\BOOKMARK [1][-]{section.6}{Experimental Results}{}% 16
\BOOKMARK [1][-]{section.7}{Discussion}{}% 17
\BOOKMARK [1][-]{section.8}{Conclusion}{}% 18
\BOOKMARK [1][-]{section.9}{Contribution of Group Members}{}% 19
\BOOKMARK [1][-]{section*.12}{References}{}% 20
